<?xml version="1.0" encoding="UTF-8"?>
<testsuite name="hello.TestGreeter" tests="2" skipped="0" failures="0" errors="0" timestamp="2020-03-11T22:44:24" hostname="Trevors-MacBook-Pro.local" time="0.019">
  <properties/>
  <testcase name="testGreeter()" classname="hello.TestGreeter" time="0.015"/>
  <testcase name="testGreeterEmpty()" classname="hello.TestGreeter" time="0.001"/>
  <system-out><![CDATA[]]></system-out>
  <system-err><![CDATA[]]></system-err>
</testsuite>
