<?xml version="1.0" encoding="UTF-8"?>
<testsuite name="hello.TestGreeter" tests="2" skipped="0" failures="0" errors="0" timestamp="2020-03-02T20:10:27" hostname="Trevors-MacBook-Pro.local" time="0.015">
  <properties/>
  <testcase name="testGreeter()" classname="hello.TestGreeter" time="0.011"/>
  <testcase name="testGreeterEmpty()" classname="hello.TestGreeter" time="0.002"/>
  <system-out><![CDATA[]]></system-out>
  <system-err><![CDATA[]]></system-err>
</testsuite>
